build/app/outputs/mapping/release/mapping.txt
# compiler: R8
# compiler_version: 1.5.64
# min_api: 21
# pg_map_id: be2bbb3
...
io.grpc.internal.ManagedChannelImpl$IdleModeTimer -> c.b.n1.d1$k:
    io.grpc.internal.ManagedChannelImpl this$0 -> a
io.grpc.internal.ManagedChannelImpl$LbHelperImpl -> c.b.n1.d1$l:
    io.grpc.LoadBalancer lb -> a
    io.grpc.internal.ManagedChannelImpl this$0 -> b
    void access$4600(io.grpc.internal.ManagedChannelImpl$LbHelperImpl,io.grpc.ConnectivityStateInfo) -> a
    io.grpc.LoadBalancer$Subchannel createSubchannel(java.util.List,io.grpc.Attributes) -> a
    io.grpc.internal.AbstractSubchannel createSubchannel(java.util.List,io.grpc.Attributes) -> a
    io.grpc.ChannelLogger getChannelLogger() -> a
    void handleInternalSubchannelState(io.grpc.ConnectivityStateInfo) -> a
    void updateBalancingState(io.grpc.ConnectivityState,io.grpc.LoadBalancer$SubchannelPicker) -> a
    void updateSubchannelAddresses(io.grpc.LoadBalancer$Subchannel,java.util.List) -> a
io.grpc.internal.ManagedChannelImpl$LbHelperImpl$1AddSubchannel -> c.b.n1.d1$l$a:
    io.grpc.internal.InternalSubchannel val$internalSubchannel -> a
    io.grpc.internal.ManagedChannelImpl$LbHelperImpl this$1 -> b
io.grpc.internal.ManagedChannelImpl$LbHelperImpl$1ManagedInternalSubchannelCallback -> c.b.n1.d1$l$b:
    io.grpc.internal.ManagedChannelImpl$SubchannelImpl val$subchannel -> a
    io.grpc.internal.ManagedChannelImpl$LbHelperImpl this$1 -> b
    void onInUse(io.grpc.internal.InternalSubchannel) -> a
    void onStateChange(io.grpc.internal.InternalSubchannel,io.grpc.ConnectivityStateInfo) -> a
    void onNotInUse(io.grpc.internal.InternalSubchannel) -> b
    void onTerminated(io.grpc.internal.InternalSubchannel) -> c
io.grpc.internal.ManagedChannelImpl$LbHelperImpl$1UpdateBalancingState -> c.b.n1.d1$l$c:
    io.grpc.ConnectivityState val$newState -> b
    io.grpc.internal.ManagedChannelImpl$LbHelperImpl this$1 -> c
    io.grpc.LoadBalancer$SubchannelPicker val$newPicker -> a
io.grpc.internal.ManagedChannelImpl$NameResolverListener -> c.b.n1.d1$m:
    io.grpc.NameResolver resolver -> b
    io.grpc.internal.ManagedChannelImpl$LbHelperImpl helper -> a
    io.grpc.internal.ManagedChannelImpl this$0 -> c
    void access$6200(io.grpc.internal.ManagedChannelImpl$NameResolverListener,io.grpc.Status) -> a
    void onError(io.grpc.Status) -> a
    void onResult(io.grpc.NameResolver$ResolutionResult) -> a
    void handleErrorInSyncContext(io.grpc.Status) -> b
io.grpc.internal.ManagedChannelImpl$NameResolverListener$1NameResolverErrorHandler -> c.b.n1.d1$m$a:
    io.grpc.internal.ManagedChannelImpl$NameResolverListener this$1 -> b
    io.grpc.Status val$error -> a
io.grpc.internal.ManagedChannelImpl$NameResolverListener$1NamesResolved -> c.b.n1.d1$m$b:
    io.grpc.internal.ManagedChannelImpl$NameResolverListener this$1 -> b
    io.grpc.NameResolver$ResolutionResult val$resolutionResult -> a
io.grpc.internal.ManagedChannelImpl$RealChannel -> c.b.n1.d1$n:
    java.lang.String authority -> a
    io.grpc.internal.ManagedChannelImpl this$0 -> b
    io.grpc.ClientCall newCall(io.grpc.MethodDescriptor,io.grpc.CallOptions) -> a
    java.lang.String authority() -> b
io.grpc.internal.ManagedChannelImpl$ScParser -> c.b.n1.d1$o:
io.grpc.internal.ManagedChannelImpl$ScheduledExecutorForBalancer -> c.b.n1.d1$p:
    java.util.concurrent.ScheduledExecutorService delegate -> a
io.grpc.internal.ManagedChannelImpl$SubchannelImpl -> c.b.n1.d1$q:
    io.grpc.internal.ManagedChannelImpl this$0 -> f
    io.grpc.internal.InternalSubchannel subchannel -> a
    io.grpc.Attributes attrs -> c
    java.lang.Object shutdownLock -> b
    java.util.concurrent.ScheduledFuture delayedShutdownTask -> e
    boolean shutdownRequested -> d
    java.util.List getAllAddresses() -> b
    io.grpc.Attributes getAttributes() -> c
    void requestConnection() -> d
    void shutdown() -> e
    io.grpc.internal.ClientTransport obtainActiveTransport() -> f
io.grpc.internal.ManagedChannelImpl$SubchannelImpl$1ShutdownSubchannel -> c.b.n1.d1$q$a:
    io.grpc.internal.ManagedChannelImpl$SubchannelImpl this$1 -> a